<?xml version="1.0" encoding="UTF-8"?>
<robot generator="Robot 5.0 (Python 3.10.4 on win32)" generated="20220516 23:05:03.873" rpa="false" schemaversion="3">
<suite id="s1" name="BasicSearch" source="C:\DevOps\WorkSpaceProject\PlayingWithRobot\Tests\eBayTest\BasicSearch.robot">
<test id="s1-t1" name="Verifica semplice funzionalita per eBay" line="10">
<kw name="Open Browser" library="SeleniumLibrary">
<arg>http://www.ebay.com</arg>
<arg>chrome</arg>
<doc>Opens a new browser instance to the optional ``url``.</doc>
<msg timestamp="20220516 23:05:04.127" level="INFO">Opening browser 'chrome' to base url 'http://www.ebay.com'.</msg>
<status status="PASS" starttime="20220516 23:05:04.127" endtime="20220516 23:05:06.989"/>
</kw>
<kw name="Set Browser Implicit Wait" library="SeleniumLibrary">
<arg>2</arg>
<doc>Sets the implicit wait value used by Selenium.</doc>
<status status="PASS" starttime="20220516 23:05:06.990" endtime="20220516 23:05:06.992"/>
</kw>
<kw name="Sleep" library="BuiltIn">
<arg>2</arg>
<doc>Pauses the test executed for the given time.</doc>
<msg timestamp="20220516 23:05:08.994" level="INFO">Slept 2 seconds</msg>
<status status="PASS" starttime="20220516 23:05:06.992" endtime="20220516 23:05:08.994"/>
</kw>
<kw name="Input Text" library="SeleniumLibrary">
<arg>//*[@id="gh-ac"]</arg>
<arg>mobile</arg>
<doc>Types the given ``text`` into the text field identified by ``locator``.</doc>
<msg timestamp="20220516 23:05:08.995" level="INFO">Typing text 'mobile' into text field '//*[@id="gh-ac"]'.</msg>
<status status="PASS" starttime="20220516 23:05:08.994" endtime="20220516 23:05:09.375"/>
</kw>
<kw name="Set Browser Implicit Wait" library="SeleniumLibrary">
<arg>2</arg>
<doc>Sets the implicit wait value used by Selenium.</doc>
<status status="PASS" starttime="20220516 23:05:09.376" endtime="20220516 23:05:09.377"/>
</kw>
<kw name="Sleep" library="BuiltIn">
<arg>2</arg>
<doc>Pauses the test executed for the given time.</doc>
<msg timestamp="20220516 23:05:11.385" level="INFO">Slept 2 seconds</msg>
<status status="PASS" starttime="20220516 23:05:09.378" endtime="20220516 23:05:11.385"/>
</kw>
<kw name="Press Keys" library="SeleniumLibrary">
<arg>//*[@id="gh-btn"]</arg>
<arg>[Return]</arg>
<doc>Simulates the user pressing key(s) to an element or on the active browser.</doc>
<msg timestamp="20220516 23:05:11.387" level="INFO">Sending key(s) ('[Return]',) to //*[@id="gh-btn"] element.</msg>
<msg timestamp="20220516 23:05:13.815" level="INFO">Sending keys [Return]</msg>
<status status="PASS" starttime="20220516 23:05:11.386" endtime="20220516 23:05:14.084"/>
</kw>
<kw name="Set Browser Implicit Wait" library="SeleniumLibrary">
<arg>2</arg>
<doc>Sets the implicit wait value used by Selenium.</doc>
<status status="PASS" starttime="20220516 23:05:14.085" endtime="20220516 23:05:14.086"/>
</kw>
<kw name="Sleep" library="BuiltIn">
<arg>2</arg>
<doc>Pauses the test executed for the given time.</doc>
<msg timestamp="20220516 23:05:16.090" level="INFO">Slept 2 seconds</msg>
<status status="PASS" starttime="20220516 23:05:14.086" endtime="20220516 23:05:16.090"/>
</kw>
<kw name="Page Should Contain" library="SeleniumLibrary">
<arg>results for mobile</arg>
<doc>Verifies that current page contains ``text``.</doc>
<msg timestamp="20220516 23:05:16.135" level="INFO">Current page contains text 'results for mobile'.</msg>
<status status="PASS" starttime="20220516 23:05:16.090" endtime="20220516 23:05:16.135"/>
</kw>
<kw name="Set Browser Implicit Wait" library="SeleniumLibrary">
<arg>2</arg>
<doc>Sets the implicit wait value used by Selenium.</doc>
<status status="PASS" starttime="20220516 23:05:16.136" endtime="20220516 23:05:16.137"/>
</kw>
<kw name="Sleep" library="BuiltIn">
<arg>2</arg>
<doc>Pauses the test executed for the given time.</doc>
<msg timestamp="20220516 23:05:18.143" level="INFO">Slept 2 seconds</msg>
<status status="PASS" starttime="20220516 23:05:16.138" endtime="20220516 23:05:18.143"/>
</kw>
<kw name="Close Browser" library="SeleniumLibrary">
<doc>Closes the current browser.</doc>
<status status="PASS" starttime="20220516 23:05:18.143" endtime="20220516 23:05:20.379"/>
</kw>
<doc>Questo caso di Test verifica la ricerca su eBay</doc>
<tag>Functional</tag>
<status status="PASS" starttime="20220516 23:05:04.125" endtime="20220516 23:05:20.380"/>
</test>
<doc>Basic Search Functionality</doc>
<status status="PASS" starttime="20220516 23:05:03.875" endtime="20220516 23:05:20.382"/>
</suite>
<statistics>
<total>
<stat pass="1" fail="0" skip="0">All Tests</stat>
</total>
<tag>
<stat pass="1" fail="0" skip="0">Functional</stat>
</tag>
<suite>
<stat pass="1" fail="0" skip="0" id="s1" name="BasicSearch">BasicSearch</stat>
</suite>
</statistics>
<errors>
</errors>
</robot>
